2024-07-06 00:47:42,067 - utils - INFO - Читаем данные из файла XLSX
2024-07-06 00:47:42,970 - utils - INFO - Полученные данные преобразовываем в словари и добавляем в список
2024-07-06 00:47:44,549 - utils - INFO - Выводим приветствие в зависимости от заданного времени
2024-07-06 00:47:44,565 - utils - INFO - Извлекаем часовой компонент из заданного времени и сохраняем его в отдельной переменной
2024-07-06 00:47:44,568 - utils - INFO - Проверяем в каком промежутке времени находится заданный часа времени для корректного приветствия
2024-07-06 00:47:44,568 - utils - INFO - Переводим заданную дату из типа данных str в формат datetime
2024-07-06 00:47:44,568 - utils - INFO - Устанавливаем первое число месяца в полученной дате
2024-07-06 00:47:44,569 - utils - INFO - Присваиваем переменные началу и концу временного периода
2024-07-06 00:47:44,569 - utils - INFO - Выводим отфильтрованные транзакции согласно заданному периоду
2024-07-06 00:47:44,888 - utils - INFO - Перебираем словари в списке транзакций
2024-07-06 00:47:44,888 - utils - INFO - Проверяем есть ли номер карты в словаре cards
2024-07-06 00:47:44,888 - utils - INFO - Добавляем в словарь cards новые ключи total_spent и cashback, если номера карты нет в cards
2024-07-06 00:47:44,889 - utils - INFO - Складываем суммы транзакций и добавляем в ключ total_spent
2024-07-06 00:47:44,889 - utils - INFO - Добавляем в cards ключ Cashback и его значение сумму кэшбека
2024-07-06 00:47:44,889 - utils - INFO - Проверяем есть ли номер карты в словаре cards
2024-07-06 00:47:44,890 - utils - INFO - Складываем суммы транзакций и добавляем в ключ total_spent
2024-07-06 00:47:44,890 - utils - INFO - Добавляем в cards ключ Cashback и его значение сумму кэшбека
2024-07-06 00:47:44,890 - utils - INFO - Проверяем есть ли номер карты в словаре cards
2024-07-06 00:47:44,890 - utils - INFO - Складываем суммы транзакций и добавляем в ключ total_spent
2024-07-06 00:47:44,891 - utils - INFO - Добавляем в cards ключ Cashback и его значение сумму кэшбека
2024-07-06 00:47:44,891 - utils - INFO - Проверяем есть ли номер карты в словаре cards
2024-07-06 00:47:44,891 - utils - INFO - Складываем суммы транзакций и добавляем в ключ total_spent
2024-07-06 00:47:44,891 - utils - INFO - Добавляем в cards ключ Cashback и его значение сумму кэшбека
2024-07-06 00:47:44,891 - utils - INFO - Проверяем есть ли номер карты в словаре cards
2024-07-06 00:47:44,891 - utils - INFO - Добавляем в словарь cards новые ключи total_spent и cashback, если номера карты нет в cards
2024-07-06 00:47:44,891 - utils - INFO - Складываем суммы транзакций и добавляем в ключ total_spent
2024-07-06 00:47:44,891 - utils - INFO - Добавляем в cards ключ Cashback и его значение сумму кэшбека
2024-07-06 00:47:44,891 - utils - INFO - Проверяем есть ли номер карты в словаре cards
2024-07-06 00:47:44,892 - utils - INFO - Добавляем в словарь cards новые ключи total_spent и cashback, если номера карты нет в cards
2024-07-06 00:47:44,892 - utils - INFO - Складываем суммы транзакций и добавляем в ключ total_spent
2024-07-06 00:47:44,892 - utils - INFO - Добавляем в cards ключ Cashback и его значение сумму кэшбека
2024-07-06 00:47:44,892 - utils - INFO - Проверяем есть ли номер карты в словаре cards
2024-07-06 00:47:44,892 - utils - INFO - Складываем суммы транзакций и добавляем в ключ total_spent
2024-07-06 00:47:44,892 - utils - INFO - Добавляем в cards ключ Cashback и его значение сумму кэшбека
2024-07-06 00:47:44,892 - utils - INFO - Проверяем есть ли номер карты в словаре cards
2024-07-06 00:47:44,893 - utils - INFO - Складываем суммы транзакций и добавляем в ключ total_spent
2024-07-06 00:47:44,893 - utils - INFO - Добавляем в cards ключ Cashback и его значение сумму кэшбека
2024-07-06 00:47:44,893 - utils - INFO - Проверяем есть ли номер карты в словаре cards
2024-07-06 00:47:44,893 - utils - INFO - Складываем суммы транзакций и добавляем в ключ total_spent
2024-07-06 00:47:44,893 - utils - INFO - Добавляем в cards ключ Cashback и его значение сумму кэшбека
2024-07-06 00:47:44,893 - utils - INFO - Проверяем есть ли номер карты в словаре cards
2024-07-06 00:47:44,893 - utils - INFO - Добавляем в словарь cards новые ключи total_spent и cashback, если номера карты нет в cards
2024-07-06 00:47:44,893 - utils - INFO - Складываем суммы транзакций и добавляем в ключ total_spent
2024-07-06 00:47:44,893 - utils - INFO - Добавляем в cards ключ Cashback и его значение сумму кэшбека
2024-07-06 00:47:44,893 - utils - INFO - Проверяем есть ли номер карты в словаре cards
2024-07-06 00:47:44,894 - utils - INFO - Складываем суммы транзакций и добавляем в ключ total_spent
2024-07-06 00:47:44,894 - utils - INFO - Добавляем в cards ключ Cashback и его значение сумму кэшбека
2024-07-06 00:47:44,894 - utils - INFO - Проверяем есть ли номер карты в словаре cards
2024-07-06 00:47:44,894 - utils - INFO - Складываем суммы транзакций и добавляем в ключ total_spent
2024-07-06 00:47:44,894 - utils - INFO - Добавляем в cards ключ Cashback и его значение сумму кэшбека
2024-07-06 00:47:44,895 - utils - INFO - Проверяем есть ли номер карты в словаре cards
2024-07-06 00:47:44,895 - utils - INFO - Складываем суммы транзакций и добавляем в ключ total_spent
2024-07-06 00:47:44,895 - utils - INFO - Добавляем в cards ключ Cashback и его значение сумму кэшбека
2024-07-06 00:47:44,895 - utils - INFO - Проверяем есть ли номер карты в словаре cards
2024-07-06 00:47:44,895 - utils - INFO - Складываем суммы транзакций и добавляем в ключ total_spent
2024-07-06 00:47:44,895 - utils - INFO - Добавляем в cards ключ Cashback и его значение сумму кэшбека
2024-07-06 00:47:44,896 - utils - INFO - Проверяем есть ли номер карты в словаре cards
2024-07-06 00:47:44,896 - utils - INFO - Складываем суммы транзакций и добавляем в ключ total_spent
2024-07-06 00:47:44,896 - utils - INFO - Добавляем в cards ключ Cashback и его значение сумму кэшбека
2024-07-06 00:47:44,896 - utils - INFO - Проверяем есть ли номер карты в словаре cards
2024-07-06 00:47:44,896 - utils - INFO - Складываем суммы транзакций и добавляем в ключ total_spent
2024-07-06 00:47:44,896 - utils - INFO - Добавляем в cards ключ Cashback и его значение сумму кэшбека
2024-07-06 00:47:44,896 - utils - INFO - Проверяем есть ли номер карты в словаре cards
2024-07-06 00:47:44,896 - utils - INFO - Складываем суммы транзакций и добавляем в ключ total_spent
2024-07-06 00:47:44,896 - utils - INFO - Добавляем в cards ключ Cashback и его значение сумму кэшбека
2024-07-06 00:47:44,896 - utils - INFO - Проверяем есть ли номер карты в словаре cards
2024-07-06 00:47:44,896 - utils - INFO - Складываем суммы транзакций и добавляем в ключ total_spent
2024-07-06 00:47:44,897 - utils - INFO - Добавляем в cards ключ Cashback и его значение сумму кэшбека
2024-07-06 00:47:44,897 - utils - INFO - Проверяем есть ли номер карты в словаре cards
2024-07-06 00:47:44,897 - utils - INFO - Складываем суммы транзакций и добавляем в ключ total_spent
2024-07-06 00:47:44,897 - utils - INFO - Добавляем в cards ключ Cashback и его значение сумму кэшбека
2024-07-06 00:47:44,897 - utils - INFO - Проверяем есть ли номер карты в словаре cards
2024-07-06 00:47:44,897 - utils - INFO - Складываем суммы транзакций и добавляем в ключ total_spent
2024-07-06 00:47:44,897 - utils - INFO - Добавляем в cards ключ Cashback и его значение сумму кэшбека
2024-07-06 00:47:44,897 - utils - INFO - Проверяем есть ли номер карты в словаре cards
2024-07-06 00:47:44,897 - utils - INFO - Складываем суммы транзакций и добавляем в ключ total_spent
2024-07-06 00:47:44,897 - utils - INFO - Добавляем в cards ключ Cashback и его значение сумму кэшбека
2024-07-06 00:47:44,897 - utils - INFO - Проверяем есть ли номер карты в словаре cards
2024-07-06 00:47:44,897 - utils - INFO - Складываем суммы транзакций и добавляем в ключ total_spent
2024-07-06 00:47:44,897 - utils - INFO - Добавляем в cards ключ Cashback и его значение сумму кэшбека
2024-07-06 00:47:44,897 - utils - INFO - Проверяем есть ли номер карты в словаре cards
2024-07-06 00:47:44,897 - utils - INFO - Складываем суммы транзакций и добавляем в ключ total_spent
2024-07-06 00:47:44,897 - utils - INFO - Добавляем в cards ключ Cashback и его значение сумму кэшбека
2024-07-06 00:47:44,898 - utils - INFO - Проверяем есть ли номер карты в словаре cards
2024-07-06 00:47:44,898 - utils - INFO - Складываем суммы транзакций и добавляем в ключ total_spent
2024-07-06 00:47:44,898 - utils - INFO - Добавляем в cards ключ Cashback и его значение сумму кэшбека
2024-07-06 00:47:44,898 - utils - INFO - Проверяем есть ли номер карты в словаре cards
2024-07-06 00:47:44,898 - utils - INFO - Складываем суммы транзакций и добавляем в ключ total_spent
2024-07-06 00:47:44,898 - utils - INFO - Добавляем в cards ключ Cashback и его значение сумму кэшбека
2024-07-06 00:47:44,898 - utils - INFO - Проверяем есть ли номер карты в словаре cards
2024-07-06 00:47:44,898 - utils - INFO - Складываем суммы транзакций и добавляем в ключ total_spent
2024-07-06 00:47:44,898 - utils - INFO - Добавляем в cards ключ Cashback и его значение сумму кэшбека
2024-07-06 00:47:44,898 - utils - INFO - Проверяем есть ли номер карты в словаре cards
2024-07-06 00:47:44,898 - utils - INFO - Складываем суммы транзакций и добавляем в ключ total_spent
2024-07-06 00:47:44,898 - utils - INFO - Добавляем в cards ключ Cashback и его значение сумму кэшбека
2024-07-06 00:47:44,898 - utils - INFO - Проверяем есть ли номер карты в словаре cards
2024-07-06 00:47:44,898 - utils - INFO - Складываем суммы транзакций и добавляем в ключ total_spent
2024-07-06 00:47:44,898 - utils - INFO - Добавляем в cards ключ Cashback и его значение сумму кэшбека
2024-07-06 00:47:44,898 - utils - INFO - Проверяем есть ли номер карты в словаре cards
2024-07-06 00:47:44,898 - utils - INFO - Складываем суммы транзакций и добавляем в ключ total_spent
2024-07-06 00:47:44,898 - utils - INFO - Добавляем в cards ключ Cashback и его значение сумму кэшбека
2024-07-06 00:47:44,899 - utils - INFO - Проверяем есть ли номер карты в словаре cards
2024-07-06 00:47:44,899 - utils - INFO - Складываем суммы транзакций и добавляем в ключ total_spent
2024-07-06 00:47:44,899 - utils - INFO - Добавляем в cards ключ Cashback и его значение сумму кэшбека
2024-07-06 00:47:44,899 - utils - INFO - Проверяем есть ли номер карты в словаре cards
2024-07-06 00:47:44,899 - utils - INFO - Складываем суммы транзакций и добавляем в ключ total_spent
2024-07-06 00:47:44,899 - utils - INFO - Добавляем в cards ключ Cashback и его значение сумму кэшбека
2024-07-06 00:47:44,899 - utils - INFO - Проверяем есть ли номер карты в словаре cards
2024-07-06 00:47:44,899 - utils - INFO - Складываем суммы транзакций и добавляем в ключ total_spent
2024-07-06 00:47:44,899 - utils - INFO - Добавляем в cards ключ Cashback и его значение сумму кэшбека
2024-07-06 00:47:44,899 - utils - INFO - Проверяем есть ли номер карты в словаре cards
2024-07-06 00:47:44,899 - utils - INFO - Складываем суммы транзакций и добавляем в ключ total_spent
2024-07-06 00:47:44,899 - utils - INFO - Добавляем в cards ключ Cashback и его значение сумму кэшбека
2024-07-06 00:47:44,899 - utils - INFO - Проверяем есть ли номер карты в словаре cards
2024-07-06 00:47:44,899 - utils - INFO - Складываем суммы транзакций и добавляем в ключ total_spent
2024-07-06 00:47:44,899 - utils - INFO - Добавляем в cards ключ Cashback и его значение сумму кэшбека
2024-07-06 00:47:44,899 - utils - INFO - Проверяем есть ли номер карты в словаре cards
2024-07-06 00:47:44,899 - utils - INFO - Складываем суммы транзакций и добавляем в ключ total_spent
2024-07-06 00:47:44,899 - utils - INFO - Добавляем в cards ключ Cashback и его значение сумму кэшбека
2024-07-06 00:47:44,899 - utils - INFO - Проверяем есть ли номер карты в словаре cards
2024-07-06 00:47:44,899 - utils - INFO - Складываем суммы транзакций и добавляем в ключ total_spent
2024-07-06 00:47:44,899 - utils - INFO - Добавляем в cards ключ Cashback и его значение сумму кэшбека
2024-07-06 00:47:44,899 - utils - INFO - Проверяем есть ли номер карты в словаре cards
2024-07-06 00:47:44,900 - utils - INFO - Складываем суммы транзакций и добавляем в ключ total_spent
2024-07-06 00:47:44,900 - utils - INFO - Добавляем в cards ключ Cashback и его значение сумму кэшбека
2024-07-06 00:47:44,900 - utils - INFO - Проверяем есть ли номер карты в словаре cards
2024-07-06 00:47:44,900 - utils - INFO - Складываем суммы транзакций и добавляем в ключ total_spent
2024-07-06 00:47:44,900 - utils - INFO - Добавляем в cards ключ Cashback и его значение сумму кэшбека
2024-07-06 00:47:44,900 - utils - INFO - Проверяем есть ли номер карты в словаре cards
2024-07-06 00:47:44,900 - utils - INFO - Складываем суммы транзакций и добавляем в ключ total_spent
2024-07-06 00:47:44,900 - utils - INFO - Добавляем в cards ключ Cashback и его значение сумму кэшбека
2024-07-06 00:47:44,900 - utils - INFO - Проверяем есть ли номер карты в словаре cards
2024-07-06 00:47:44,900 - utils - INFO - Складываем суммы транзакций и добавляем в ключ total_spent
2024-07-06 00:47:44,900 - utils - INFO - Добавляем в cards ключ Cashback и его значение сумму кэшбека
2024-07-06 00:47:44,900 - utils - INFO - Проверяем есть ли номер карты в словаре cards
2024-07-06 00:47:44,900 - utils - INFO - Складываем суммы транзакций и добавляем в ключ total_spent
2024-07-06 00:47:44,900 - utils - INFO - Добавляем в cards ключ Cashback и его значение сумму кэшбека
2024-07-06 00:47:44,900 - utils - INFO - Проверяем есть ли номер карты в словаре cards
2024-07-06 00:47:44,901 - utils - INFO - Складываем суммы транзакций и добавляем в ключ total_spent
2024-07-06 00:47:44,901 - utils - INFO - Добавляем в cards ключ Cashback и его значение сумму кэшбека
2024-07-06 00:47:44,901 - utils - INFO - Проверяем есть ли номер карты в словаре cards
2024-07-06 00:47:44,901 - utils - INFO - Складываем суммы транзакций и добавляем в ключ total_spent
2024-07-06 00:47:44,901 - utils - INFO - Добавляем в cards ключ Cashback и его значение сумму кэшбека
2024-07-06 00:47:44,901 - utils - INFO - Проверяем есть ли номер карты в словаре cards
2024-07-06 00:47:44,902 - utils - INFO - Складываем суммы транзакций и добавляем в ключ total_spent
2024-07-06 00:47:44,902 - utils - INFO - Добавляем в cards ключ Cashback и его значение сумму кэшбека
2024-07-06 00:47:44,902 - utils - INFO - Проверяем есть ли номер карты в словаре cards
2024-07-06 00:47:44,902 - utils - INFO - Складываем суммы транзакций и добавляем в ключ total_spent
2024-07-06 00:47:44,903 - utils - INFO - Добавляем в cards ключ Cashback и его значение сумму кэшбека
2024-07-06 00:47:44,904 - utils - INFO - Проверяем есть ли номер карты в словаре cards
2024-07-06 00:47:44,904 - utils - INFO - Складываем суммы транзакций и добавляем в ключ total_spent
2024-07-06 00:47:44,904 - utils - INFO - Добавляем в cards ключ Cashback и его значение сумму кэшбека
2024-07-06 00:47:44,904 - utils - INFO - Проверяем есть ли номер карты в словаре cards
2024-07-06 00:47:44,904 - utils - INFO - Складываем суммы транзакций и добавляем в ключ total_spent
2024-07-06 00:47:44,904 - utils - INFO - Добавляем в cards ключ Cashback и его значение сумму кэшбека
2024-07-06 00:47:44,904 - utils - INFO - Проверяем есть ли номер карты в словаре cards
2024-07-06 00:47:44,905 - utils - INFO - Складываем суммы транзакций и добавляем в ключ total_spent
2024-07-06 00:47:44,905 - utils - INFO - Добавляем в cards ключ Cashback и его значение сумму кэшбека
2024-07-06 00:47:44,905 - utils - INFO - Проверяем есть ли номер карты в словаре cards
2024-07-06 00:47:44,905 - utils - INFO - Складываем суммы транзакций и добавляем в ключ total_spent
2024-07-06 00:47:44,905 - utils - INFO - Добавляем в cards ключ Cashback и его значение сумму кэшбека
2024-07-06 00:47:44,905 - utils - INFO - Проверяем есть ли номер карты в словаре cards
2024-07-06 00:47:44,905 - utils - INFO - Складываем суммы транзакций и добавляем в ключ total_spent
2024-07-06 00:47:44,905 - utils - INFO - Добавляем в cards ключ Cashback и его значение сумму кэшбека
2024-07-06 00:47:44,905 - utils - INFO - Проверяем есть ли номер карты в словаре cards
2024-07-06 00:47:44,905 - utils - INFO - Складываем суммы транзакций и добавляем в ключ total_spent
2024-07-06 00:47:44,905 - utils - INFO - Добавляем в cards ключ Cashback и его значение сумму кэшбека
2024-07-06 00:47:44,905 - utils - INFO - Проверяем есть ли номер карты в словаре cards
2024-07-06 00:47:44,906 - utils - INFO - Складываем суммы транзакций и добавляем в ключ total_spent
2024-07-06 00:47:44,906 - utils - INFO - Добавляем в cards ключ Cashback и его значение сумму кэшбека
2024-07-06 00:47:44,906 - utils - INFO - Проверяем есть ли номер карты в словаре cards
2024-07-06 00:47:44,906 - utils - INFO - Складываем суммы транзакций и добавляем в ключ total_spent
2024-07-06 00:47:44,906 - utils - INFO - Добавляем в cards ключ Cashback и его значение сумму кэшбека
2024-07-06 00:47:44,906 - utils - INFO - Проверяем есть ли номер карты в словаре cards
2024-07-06 00:47:44,906 - utils - INFO - Складываем суммы транзакций и добавляем в ключ total_spent
2024-07-06 00:47:44,906 - utils - INFO - Добавляем в cards ключ Cashback и его значение сумму кэшбека
2024-07-06 00:47:44,906 - utils - INFO - Проверяем есть ли номер карты в словаре cards
2024-07-06 00:47:44,907 - utils - INFO - Складываем суммы транзакций и добавляем в ключ total_spent
2024-07-06 00:47:44,907 - utils - INFO - Добавляем в cards ключ Cashback и его значение сумму кэшбека
2024-07-06 00:47:44,907 - utils - INFO - Проверяем есть ли номер карты в словаре cards
2024-07-06 00:47:44,907 - utils - INFO - Складываем суммы транзакций и добавляем в ключ total_spent
2024-07-06 00:47:44,907 - utils - INFO - Добавляем в cards ключ Cashback и его значение сумму кэшбека
2024-07-06 00:47:44,907 - utils - INFO - Проверяем есть ли номер карты в словаре cards
2024-07-06 00:47:44,907 - utils - INFO - Складываем суммы транзакций и добавляем в ключ total_spent
2024-07-06 00:47:44,907 - utils - INFO - Добавляем в cards ключ Cashback и его значение сумму кэшбека
2024-07-06 00:47:44,907 - utils - INFO - Проверяем есть ли номер карты в словаре cards
2024-07-06 00:47:44,909 - utils - INFO - Складываем суммы транзакций и добавляем в ключ total_spent
2024-07-06 00:47:44,909 - utils - INFO - Добавляем в cards ключ Cashback и его значение сумму кэшбека
2024-07-06 00:47:44,909 - utils - INFO - Проверяем есть ли номер карты в словаре cards
2024-07-06 00:47:44,909 - utils - INFO - Складываем суммы транзакций и добавляем в ключ total_spent
2024-07-06 00:47:44,909 - utils - INFO - Добавляем в cards ключ Cashback и его значение сумму кэшбека
2024-07-06 00:47:44,909 - utils - INFO - Проверяем есть ли номер карты в словаре cards
2024-07-06 00:47:44,910 - utils - INFO - Складываем суммы транзакций и добавляем в ключ total_spent
2024-07-06 00:47:44,910 - utils - INFO - Добавляем в cards ключ Cashback и его значение сумму кэшбека
2024-07-06 00:47:44,910 - utils - INFO - Проверяем есть ли номер карты в словаре cards
2024-07-06 00:47:44,910 - utils - INFO - Складываем суммы транзакций и добавляем в ключ total_spent
2024-07-06 00:47:44,910 - utils - INFO - Добавляем в cards ключ Cashback и его значение сумму кэшбека
2024-07-06 00:47:44,910 - utils - INFO - Проверяем есть ли номер карты в словаре cards
2024-07-06 00:47:44,910 - utils - INFO - Складываем суммы транзакций и добавляем в ключ total_spent
2024-07-06 00:47:44,910 - utils - INFO - Добавляем в cards ключ Cashback и его значение сумму кэшбека
2024-07-06 00:47:44,910 - utils - INFO - Проверяем есть ли номер карты в словаре cards
2024-07-06 00:47:44,910 - utils - INFO - Складываем суммы транзакций и добавляем в ключ total_spent
2024-07-06 00:47:44,911 - utils - INFO - Добавляем в cards ключ Cashback и его значение сумму кэшбека
2024-07-06 00:47:44,911 - utils - INFO - Проверяем есть ли номер карты в словаре cards
2024-07-06 00:47:44,911 - utils - INFO - Складываем суммы транзакций и добавляем в ключ total_spent
2024-07-06 00:47:44,911 - utils - INFO - Добавляем в cards ключ Cashback и его значение сумму кэшбека
2024-07-06 00:47:44,911 - utils - INFO - Проверяем есть ли номер карты в словаре cards
2024-07-06 00:47:44,911 - utils - INFO - Складываем суммы транзакций и добавляем в ключ total_spent
2024-07-06 00:47:44,911 - utils - INFO - Добавляем в cards ключ Cashback и его значение сумму кэшбека
2024-07-06 00:47:44,911 - utils - INFO - Проверяем есть ли номер карты в словаре cards
2024-07-06 00:47:44,911 - utils - INFO - Складываем суммы транзакций и добавляем в ключ total_spent
2024-07-06 00:47:44,911 - utils - INFO - Добавляем в cards ключ Cashback и его значение сумму кэшбека
2024-07-06 00:47:44,911 - utils - INFO - Проверяем есть ли номер карты в словаре cards
2024-07-06 00:47:44,911 - utils - INFO - Складываем суммы транзакций и добавляем в ключ total_spent
2024-07-06 00:47:44,912 - utils - INFO - Добавляем в cards ключ Cashback и его значение сумму кэшбека
2024-07-06 00:47:44,912 - utils - INFO - Проверяем есть ли номер карты в словаре cards
2024-07-06 00:47:44,912 - utils - INFO - Складываем суммы транзакций и добавляем в ключ total_spent
2024-07-06 00:47:44,912 - utils - INFO - Добавляем в cards ключ Cashback и его значение сумму кэшбека
2024-07-06 00:47:44,912 - utils - INFO - Проверяем есть ли номер карты в словаре cards
2024-07-06 00:47:44,912 - utils - INFO - Складываем суммы транзакций и добавляем в ключ total_spent
2024-07-06 00:47:44,912 - utils - INFO - Добавляем в cards ключ Cashback и его значение сумму кэшбека
2024-07-06 00:47:44,912 - utils - INFO - Проверяем есть ли номер карты в словаре cards
2024-07-06 00:47:44,912 - utils - INFO - Складываем суммы транзакций и добавляем в ключ total_spent
2024-07-06 00:47:44,912 - utils - INFO - Добавляем в cards ключ Cashback и его значение сумму кэшбека
2024-07-06 00:47:44,912 - utils - INFO - Проверяем есть ли номер карты в словаре cards
2024-07-06 00:47:44,913 - utils - INFO - Складываем суммы транзакций и добавляем в ключ total_spent
2024-07-06 00:47:44,913 - utils - INFO - Добавляем в cards ключ Cashback и его значение сумму кэшбека
2024-07-06 00:47:44,913 - utils - INFO - Проверяем есть ли номер карты в словаре cards
2024-07-06 00:47:44,913 - utils - INFO - Складываем суммы транзакций и добавляем в ключ total_spent
2024-07-06 00:47:44,913 - utils - INFO - Добавляем в cards ключ Cashback и его значение сумму кэшбека
2024-07-06 00:47:44,913 - utils - INFO - Проверяем есть ли номер карты в словаре cards
2024-07-06 00:47:44,913 - utils - INFO - Складываем суммы транзакций и добавляем в ключ total_spent
2024-07-06 00:47:44,913 - utils - INFO - Добавляем в cards ключ Cashback и его значение сумму кэшбека
2024-07-06 00:47:44,914 - utils - INFO - Проверяем есть ли номер карты в словаре cards
2024-07-06 00:47:44,914 - utils - INFO - Складываем суммы транзакций и добавляем в ключ total_spent
2024-07-06 00:47:44,914 - utils - INFO - Добавляем в cards ключ Cashback и его значение сумму кэшбека
2024-07-06 00:47:44,914 - utils - INFO - Проверяем есть ли номер карты в словаре cards
2024-07-06 00:47:44,914 - utils - INFO - Складываем суммы транзакций и добавляем в ключ total_spent
2024-07-06 00:47:44,914 - utils - INFO - Добавляем в cards ключ Cashback и его значение сумму кэшбека
2024-07-06 00:47:44,914 - utils - INFO - Проверяем есть ли номер карты в словаре cards
2024-07-06 00:47:44,914 - utils - INFO - Складываем суммы транзакций и добавляем в ключ total_spent
2024-07-06 00:47:44,915 - utils - INFO - Добавляем в cards ключ Cashback и его значение сумму кэшбека
2024-07-06 00:47:44,915 - utils - INFO - Проверяем есть ли номер карты в словаре cards
2024-07-06 00:47:44,915 - utils - INFO - Складываем суммы транзакций и добавляем в ключ total_spent
2024-07-06 00:47:44,915 - utils - INFO - Добавляем в cards ключ Cashback и его значение сумму кэшбека
2024-07-06 00:47:44,915 - utils - INFO - Проверяем есть ли номер карты в словаре cards
2024-07-06 00:47:44,915 - utils - INFO - Складываем суммы транзакций и добавляем в ключ total_spent
2024-07-06 00:47:44,915 - utils - INFO - Добавляем в cards ключ Cashback и его значение сумму кэшбека
2024-07-06 00:47:44,916 - utils - INFO - Проверяем есть ли номер карты в словаре cards
2024-07-06 00:47:44,916 - utils - INFO - Складываем суммы транзакций и добавляем в ключ total_spent
2024-07-06 00:47:44,916 - utils - INFO - Добавляем в cards ключ Cashback и его значение сумму кэшбека
2024-07-06 00:47:44,916 - utils - INFO - Проверяем есть ли номер карты в словаре cards
2024-07-06 00:47:44,916 - utils - INFO - Складываем суммы транзакций и добавляем в ключ total_spent
2024-07-06 00:47:44,916 - utils - INFO - Добавляем в cards ключ Cashback и его значение сумму кэшбека
2024-07-06 00:47:44,916 - utils - INFO - Проверяем есть ли номер карты в словаре cards
2024-07-06 00:47:44,917 - utils - INFO - Складываем суммы транзакций и добавляем в ключ total_spent
2024-07-06 00:47:44,917 - utils - INFO - Добавляем в cards ключ Cashback и его значение сумму кэшбека
2024-07-06 00:47:44,917 - utils - INFO - Проверяем есть ли номер карты в словаре cards
2024-07-06 00:47:44,917 - utils - INFO - Складываем суммы транзакций и добавляем в ключ total_spent
2024-07-06 00:47:44,917 - utils - INFO - Добавляем в cards ключ Cashback и его значение сумму кэшбека
2024-07-06 00:47:44,917 - utils - INFO - Проверяем есть ли номер карты в словаре cards
2024-07-06 00:47:44,917 - utils - INFO - Складываем суммы транзакций и добавляем в ключ total_spent
2024-07-06 00:47:44,917 - utils - INFO - Добавляем в cards ключ Cashback и его значение сумму кэшбека
2024-07-06 00:47:44,917 - utils - INFO - Проверяем есть ли номер карты в словаре cards
2024-07-06 00:47:44,917 - utils - INFO - Складываем суммы транзакций и добавляем в ключ total_spent
2024-07-06 00:47:44,917 - utils - INFO - Добавляем в cards ключ Cashback и его значение сумму кэшбека
2024-07-06 00:47:44,917 - utils - INFO - Проверяем есть ли номер карты в словаре cards
2024-07-06 00:47:44,918 - utils - INFO - Складываем суммы транзакций и добавляем в ключ total_spent
2024-07-06 00:47:44,918 - utils - INFO - Добавляем в cards ключ Cashback и его значение сумму кэшбека
2024-07-06 00:47:44,918 - utils - INFO - Проверяем есть ли номер карты в словаре cards
2024-07-06 00:47:44,918 - utils - INFO - Складываем суммы транзакций и добавляем в ключ total_spent
2024-07-06 00:47:44,918 - utils - INFO - Добавляем в cards ключ Cashback и его значение сумму кэшбека
2024-07-06 00:47:44,918 - utils - INFO - Проверяем есть ли номер карты в словаре cards
2024-07-06 00:47:44,918 - utils - INFO - Складываем суммы транзакций и добавляем в ключ total_spent
2024-07-06 00:47:44,918 - utils - INFO - Добавляем в cards ключ Cashback и его значение сумму кэшбека
2024-07-06 00:47:44,919 - utils - INFO - Проверяем есть ли номер карты в словаре cards
2024-07-06 00:47:44,919 - utils - INFO - Складываем суммы транзакций и добавляем в ключ total_spent
2024-07-06 00:47:44,919 - utils - INFO - Добавляем в cards ключ Cashback и его значение сумму кэшбека
2024-07-06 00:47:44,919 - utils - INFO - Проверяем есть ли номер карты в словаре cards
2024-07-06 00:47:44,919 - utils - INFO - Складываем суммы транзакций и добавляем в ключ total_spent
2024-07-06 00:47:44,919 - utils - INFO - Добавляем в cards ключ Cashback и его значение сумму кэшбека
2024-07-06 00:47:44,919 - utils - INFO - Проверяем есть ли номер карты в словаре cards
2024-07-06 00:47:44,919 - utils - INFO - Складываем суммы транзакций и добавляем в ключ total_spent
2024-07-06 00:47:44,919 - utils - INFO - Добавляем в cards ключ Cashback и его значение сумму кэшбека
2024-07-06 00:47:44,919 - utils - INFO - Проверяем есть ли номер карты в словаре cards
2024-07-06 00:47:44,919 - utils - INFO - Складываем суммы транзакций и добавляем в ключ total_spent
2024-07-06 00:47:44,919 - utils - INFO - Добавляем в cards ключ Cashback и его значение сумму кэшбека
2024-07-06 00:47:44,919 - utils - INFO - Проверяем есть ли номер карты в словаре cards
2024-07-06 00:47:44,920 - utils - INFO - Складываем суммы транзакций и добавляем в ключ total_spent
2024-07-06 00:47:44,920 - utils - INFO - Добавляем в cards ключ Cashback и его значение сумму кэшбека
2024-07-06 00:47:44,920 - utils - INFO - Проверяем есть ли номер карты в словаре cards
2024-07-06 00:47:44,920 - utils - INFO - Складываем суммы транзакций и добавляем в ключ total_spent
2024-07-06 00:47:44,920 - utils - INFO - Добавляем в cards ключ Cashback и его значение сумму кэшбека
2024-07-06 00:47:44,921 - utils - INFO - Проверяем есть ли номер карты в словаре cards
2024-07-06 00:47:44,921 - utils - INFO - Складываем суммы транзакций и добавляем в ключ total_spent
2024-07-06 00:47:44,921 - utils - INFO - Добавляем в cards ключ Cashback и его значение сумму кэшбека
2024-07-06 00:47:44,921 - utils - INFO - Проверяем есть ли номер карты в словаре cards
2024-07-06 00:47:44,921 - utils - INFO - Складываем суммы транзакций и добавляем в ключ total_spent
2024-07-06 00:47:44,921 - utils - INFO - Добавляем в cards ключ Cashback и его значение сумму кэшбека
2024-07-06 00:47:44,921 - utils - INFO - Проверяем есть ли номер карты в словаре cards
2024-07-06 00:47:44,921 - utils - INFO - Складываем суммы транзакций и добавляем в ключ total_spent
2024-07-06 00:47:44,922 - utils - INFO - Добавляем в cards ключ Cashback и его значение сумму кэшбека
2024-07-06 00:47:44,922 - utils - INFO - Проверяем есть ли номер карты в словаре cards
2024-07-06 00:47:44,922 - utils - INFO - Складываем суммы транзакций и добавляем в ключ total_spent
2024-07-06 00:47:44,922 - utils - INFO - Добавляем в cards ключ Cashback и его значение сумму кэшбека
2024-07-06 00:47:44,922 - utils - INFO - Проверяем есть ли номер карты в словаре cards
2024-07-06 00:47:44,922 - utils - INFO - Складываем суммы транзакций и добавляем в ключ total_spent
2024-07-06 00:47:44,922 - utils - INFO - Добавляем в cards ключ Cashback и его значение сумму кэшбека
2024-07-06 00:47:44,922 - utils - INFO - Проверяем есть ли номер карты в словаре cards
2024-07-06 00:47:44,922 - utils - INFO - Складываем суммы транзакций и добавляем в ключ total_spent
2024-07-06 00:47:44,922 - utils - INFO - Добавляем в cards ключ Cashback и его значение сумму кэшбека
2024-07-06 00:47:44,922 - utils - INFO - Проверяем есть ли номер карты в словаре cards
2024-07-06 00:47:44,922 - utils - INFO - Складываем суммы транзакций и добавляем в ключ total_spent
2024-07-06 00:47:44,923 - utils - INFO - Добавляем в cards ключ Cashback и его значение сумму кэшбека
2024-07-06 00:47:44,923 - utils - INFO - Проверяем есть ли номер карты в словаре cards
2024-07-06 00:47:44,923 - utils - INFO - Складываем суммы транзакций и добавляем в ключ total_spent
2024-07-06 00:47:44,923 - utils - INFO - Добавляем в cards ключ Cashback и его значение сумму кэшбека
2024-07-06 00:47:44,923 - utils - INFO - Проверяем есть ли номер карты в словаре cards
2024-07-06 00:47:44,923 - utils - INFO - Складываем суммы транзакций и добавляем в ключ total_spent
2024-07-06 00:47:44,923 - utils - INFO - Добавляем в cards ключ Cashback и его значение сумму кэшбека
2024-07-06 00:47:44,923 - utils - INFO - Проверяем есть ли номер карты в словаре cards
2024-07-06 00:47:44,923 - utils - INFO - Складываем суммы транзакций и добавляем в ключ total_spent
2024-07-06 00:47:44,924 - utils - INFO - Добавляем в cards ключ Cashback и его значение сумму кэшбека
2024-07-06 00:47:44,924 - utils - INFO - Проверяем есть ли номер карты в словаре cards
2024-07-06 00:47:44,924 - utils - INFO - Складываем суммы транзакций и добавляем в ключ total_spent
2024-07-06 00:47:44,924 - utils - INFO - Добавляем в cards ключ Cashback и его значение сумму кэшбека
2024-07-06 00:47:44,924 - utils - INFO - Проверяем есть ли номер карты в словаре cards
2024-07-06 00:47:44,924 - utils - INFO - Складываем суммы транзакций и добавляем в ключ total_spent
2024-07-06 00:47:44,924 - utils - INFO - Добавляем в cards ключ Cashback и его значение сумму кэшбека
2024-07-06 00:47:44,924 - utils - INFO - Проверяем есть ли номер карты в словаре cards
2024-07-06 00:47:44,924 - utils - INFO - Складываем суммы транзакций и добавляем в ключ total_spent
2024-07-06 00:47:44,924 - utils - INFO - Добавляем в cards ключ Cashback и его значение сумму кэшбека
2024-07-06 00:47:44,924 - utils - INFO - Проверяем есть ли номер карты в словаре cards
2024-07-06 00:47:44,924 - utils - INFO - Складываем суммы транзакций и добавляем в ключ total_spent
2024-07-06 00:47:44,924 - utils - INFO - Добавляем в cards ключ Cashback и его значение сумму кэшбека
2024-07-06 00:47:44,924 - utils - INFO - Проверяем есть ли номер карты в словаре cards
2024-07-06 00:47:44,924 - utils - INFO - Складываем суммы транзакций и добавляем в ключ total_spent
2024-07-06 00:47:44,925 - utils - INFO - Добавляем в cards ключ Cashback и его значение сумму кэшбека
2024-07-06 00:47:44,925 - utils - INFO - Проверяем есть ли номер карты в словаре cards
2024-07-06 00:47:44,925 - utils - INFO - Складываем суммы транзакций и добавляем в ключ total_spent
2024-07-06 00:47:44,925 - utils - INFO - Добавляем в cards ключ Cashback и его значение сумму кэшбека
2024-07-06 00:47:44,925 - utils - INFO - Проверяем есть ли номер карты в словаре cards
2024-07-06 00:47:44,925 - utils - INFO - Складываем суммы транзакций и добавляем в ключ total_spent
2024-07-06 00:47:44,925 - utils - INFO - Добавляем в cards ключ Cashback и его значение сумму кэшбека
2024-07-06 00:47:44,925 - utils - INFO - Проверяем есть ли номер карты в словаре cards
2024-07-06 00:47:44,925 - utils - INFO - Складываем суммы транзакций и добавляем в ключ total_spent
2024-07-06 00:47:44,925 - utils - INFO - Добавляем в cards ключ Cashback и его значение сумму кэшбека
2024-07-06 00:47:44,925 - utils - INFO - Проверяем есть ли номер карты в словаре cards
2024-07-06 00:47:44,925 - utils - INFO - Складываем суммы транзакций и добавляем в ключ total_spent
2024-07-06 00:47:44,925 - utils - INFO - Добавляем в cards ключ Cashback и его значение сумму кэшбека
2024-07-06 00:47:44,926 - utils - INFO - Проверяем есть ли номер карты в словаре cards
2024-07-06 00:47:44,926 - utils - INFO - Складываем суммы транзакций и добавляем в ключ total_spent
2024-07-06 00:47:44,926 - utils - INFO - Добавляем в cards ключ Cashback и его значение сумму кэшбека
2024-07-06 00:47:44,926 - utils - INFO - Проверяем есть ли номер карты в словаре cards
2024-07-06 00:47:44,926 - utils - INFO - Складываем суммы транзакций и добавляем в ключ total_spent
2024-07-06 00:47:44,926 - utils - INFO - Добавляем в cards ключ Cashback и его значение сумму кэшбека
2024-07-06 00:47:44,926 - utils - INFO - Проверяем есть ли номер карты в словаре cards
2024-07-06 00:47:44,926 - utils - INFO - Складываем суммы транзакций и добавляем в ключ total_spent
2024-07-06 00:47:44,926 - utils - INFO - Добавляем в cards ключ Cashback и его значение сумму кэшбека
2024-07-06 00:47:44,926 - utils - INFO - Проверяем есть ли номер карты в словаре cards
2024-07-06 00:47:44,927 - utils - INFO - Складываем суммы транзакций и добавляем в ключ total_spent
2024-07-06 00:47:44,927 - utils - INFO - Добавляем в cards ключ Cashback и его значение сумму кэшбека
2024-07-06 00:47:44,927 - utils - INFO - Проверяем есть ли номер карты в словаре cards
2024-07-06 00:47:44,927 - utils - INFO - Складываем суммы транзакций и добавляем в ключ total_spent
2024-07-06 00:47:44,927 - utils - INFO - Добавляем в cards ключ Cashback и его значение сумму кэшбека
2024-07-06 00:47:44,927 - utils - INFO - Проверяем есть ли номер карты в словаре cards
2024-07-06 00:47:44,927 - utils - INFO - Складываем суммы транзакций и добавляем в ключ total_spent
2024-07-06 00:47:44,927 - utils - INFO - Добавляем в cards ключ Cashback и его значение сумму кэшбека
2024-07-06 00:47:44,927 - utils - INFO - Проверяем есть ли номер карты в словаре cards
2024-07-06 00:47:44,927 - utils - INFO - Складываем суммы транзакций и добавляем в ключ total_spent
2024-07-06 00:47:44,928 - utils - INFO - Добавляем в cards ключ Cashback и его значение сумму кэшбека
2024-07-06 00:47:44,928 - utils - INFO - Проверяем есть ли номер карты в словаре cards
2024-07-06 00:47:44,928 - utils - INFO - Складываем суммы транзакций и добавляем в ключ total_spent
2024-07-06 00:47:44,928 - utils - INFO - Добавляем в cards ключ Cashback и его значение сумму кэшбека
2024-07-06 00:47:44,928 - utils - INFO - Проверяем есть ли номер карты в словаре cards
2024-07-06 00:47:44,928 - utils - INFO - Складываем суммы транзакций и добавляем в ключ total_spent
2024-07-06 00:47:44,928 - utils - INFO - Добавляем в cards ключ Cashback и его значение сумму кэшбека
2024-07-06 00:47:44,928 - utils - INFO - Проверяем есть ли номер карты в словаре cards
2024-07-06 00:47:44,928 - utils - INFO - Складываем суммы транзакций и добавляем в ключ total_spent
2024-07-06 00:47:44,928 - utils - INFO - Добавляем в cards ключ Cashback и его значение сумму кэшбека
2024-07-06 00:47:44,928 - utils - INFO - Проверяем есть ли номер карты в словаре cards
2024-07-06 00:47:44,928 - utils - INFO - Складываем суммы транзакций и добавляем в ключ total_spent
2024-07-06 00:47:44,928 - utils - INFO - Добавляем в cards ключ Cashback и его значение сумму кэшбека
2024-07-06 00:47:44,928 - utils - INFO - Проверяем есть ли номер карты в словаре cards
2024-07-06 00:47:44,928 - utils - INFO - Складываем суммы транзакций и добавляем в ключ total_spent
2024-07-06 00:47:44,928 - utils - INFO - Добавляем в cards ключ Cashback и его значение сумму кэшбека
2024-07-06 00:47:44,928 - utils - INFO - Проверяем есть ли номер карты в словаре cards
2024-07-06 00:47:44,928 - utils - INFO - Складываем суммы транзакций и добавляем в ключ total_spent
2024-07-06 00:47:44,928 - utils - INFO - Добавляем в cards ключ Cashback и его значение сумму кэшбека
2024-07-06 00:47:44,928 - utils - INFO - Проверяем есть ли номер карты в словаре cards
2024-07-06 00:47:44,928 - utils - INFO - Складываем суммы транзакций и добавляем в ключ total_spent
2024-07-06 00:47:44,929 - utils - INFO - Добавляем в cards ключ Cashback и его значение сумму кэшбека
2024-07-06 00:47:44,929 - utils - INFO - Проверяем есть ли номер карты в словаре cards
2024-07-06 00:47:44,929 - utils - INFO - Складываем суммы транзакций и добавляем в ключ total_spent
2024-07-06 00:47:44,929 - utils - INFO - Добавляем в cards ключ Cashback и его значение сумму кэшбека
2024-07-06 00:47:44,929 - utils - INFO - Проверяем есть ли номер карты в словаре cards
2024-07-06 00:47:44,929 - utils - INFO - Складываем суммы транзакций и добавляем в ключ total_spent
2024-07-06 00:47:44,930 - utils - INFO - Добавляем в cards ключ Cashback и его значение сумму кэшбека
2024-07-06 00:47:44,930 - utils - INFO - Проверяем есть ли номер карты в словаре cards
2024-07-06 00:47:44,930 - utils - INFO - Складываем суммы транзакций и добавляем в ключ total_spent
2024-07-06 00:47:44,930 - utils - INFO - Добавляем в cards ключ Cashback и его значение сумму кэшбека
2024-07-06 00:47:44,930 - utils - INFO - Проверяем есть ли номер карты в словаре cards
2024-07-06 00:47:44,930 - utils - INFO - Складываем суммы транзакций и добавляем в ключ total_spent
2024-07-06 00:47:44,931 - utils - INFO - Добавляем в cards ключ Cashback и его значение сумму кэшбека
2024-07-06 00:47:44,931 - utils - INFO - Проверяем есть ли номер карты в словаре cards
2024-07-06 00:47:44,931 - utils - INFO - Складываем суммы транзакций и добавляем в ключ total_spent
2024-07-06 00:47:44,931 - utils - INFO - Добавляем в cards ключ Cashback и его значение сумму кэшбека
2024-07-06 00:47:44,931 - utils - INFO - Проверяем есть ли номер карты в словаре cards
2024-07-06 00:47:44,931 - utils - INFO - Складываем суммы транзакций и добавляем в ключ total_spent
2024-07-06 00:47:44,931 - utils - INFO - Добавляем в cards ключ Cashback и его значение сумму кэшбека
2024-07-06 00:47:44,931 - utils - INFO - Проверяем есть ли номер карты в словаре cards
2024-07-06 00:47:44,931 - utils - INFO - Складываем суммы транзакций и добавляем в ключ total_spent
2024-07-06 00:47:44,931 - utils - INFO - Добавляем в cards ключ Cashback и его значение сумму кэшбека
2024-07-06 00:47:44,931 - utils - INFO - Проверяем есть ли номер карты в словаре cards
2024-07-06 00:47:44,931 - utils - INFO - Складываем суммы транзакций и добавляем в ключ total_spent
2024-07-06 00:47:44,931 - utils - INFO - Добавляем в cards ключ Cashback и его значение сумму кэшбека
2024-07-06 00:47:44,932 - utils - INFO - Проверяем есть ли номер карты в словаре cards
2024-07-06 00:47:44,932 - utils - INFO - Складываем суммы транзакций и добавляем в ключ total_spent
2024-07-06 00:47:44,932 - utils - INFO - Добавляем в cards ключ Cashback и его значение сумму кэшбека
2024-07-06 00:47:44,932 - utils - INFO - Проверяем есть ли номер карты в словаре cards
2024-07-06 00:47:44,932 - utils - INFO - Складываем суммы транзакций и добавляем в ключ total_spent
2024-07-06 00:47:44,932 - utils - INFO - Добавляем в cards ключ Cashback и его значение сумму кэшбека
2024-07-06 00:47:44,932 - utils - INFO - Проверяем есть ли номер карты в словаре cards
2024-07-06 00:47:44,932 - utils - INFO - Складываем суммы транзакций и добавляем в ключ total_spent
2024-07-06 00:47:44,932 - utils - INFO - Добавляем в cards ключ Cashback и его значение сумму кэшбека
2024-07-06 00:47:44,932 - utils - INFO - Проверяем есть ли номер карты в словаре cards
2024-07-06 00:47:44,933 - utils - INFO - Складываем суммы транзакций и добавляем в ключ total_spent
2024-07-06 00:47:44,933 - utils - INFO - Добавляем в cards ключ Cashback и его значение сумму кэшбека
2024-07-06 00:47:44,933 - utils - INFO - Проверяем есть ли номер карты в словаре cards
2024-07-06 00:47:44,933 - utils - INFO - Складываем суммы транзакций и добавляем в ключ total_spent
2024-07-06 00:47:44,933 - utils - INFO - Добавляем в cards ключ Cashback и его значение сумму кэшбека
2024-07-06 00:47:44,933 - utils - INFO - Проверяем есть ли номер карты в словаре cards
2024-07-06 00:47:44,933 - utils - INFO - Складываем суммы транзакций и добавляем в ключ total_spent
2024-07-06 00:47:44,933 - utils - INFO - Добавляем в cards ключ Cashback и его значение сумму кэшбека
2024-07-06 00:47:44,933 - utils - INFO - Проверяем есть ли номер карты в словаре cards
2024-07-06 00:47:44,933 - utils - INFO - Складываем суммы транзакций и добавляем в ключ total_spent
2024-07-06 00:47:44,933 - utils - INFO - Добавляем в cards ключ Cashback и его значение сумму кэшбека
2024-07-06 00:47:44,934 - utils - INFO - Проверяем есть ли номер карты в словаре cards
2024-07-06 00:47:44,934 - utils - INFO - Складываем суммы транзакций и добавляем в ключ total_spent
2024-07-06 00:47:44,934 - utils - INFO - Добавляем в cards ключ Cashback и его значение сумму кэшбека
2024-07-06 00:47:44,934 - utils - INFO - Проверяем есть ли номер карты в словаре cards
2024-07-06 00:47:44,934 - utils - INFO - Складываем суммы транзакций и добавляем в ключ total_spent
2024-07-06 00:47:44,934 - utils - INFO - Добавляем в cards ключ Cashback и его значение сумму кэшбека
2024-07-06 00:47:44,934 - utils - INFO - Проверяем есть ли номер карты в словаре cards
2024-07-06 00:47:44,934 - utils - INFO - Складываем суммы транзакций и добавляем в ключ total_spent
2024-07-06 00:47:44,934 - utils - INFO - Добавляем в cards ключ Cashback и его значение сумму кэшбека
2024-07-06 00:47:44,934 - utils - INFO - Проверяем есть ли номер карты в словаре cards
2024-07-06 00:47:44,934 - utils - INFO - Складываем суммы транзакций и добавляем в ключ total_spent
2024-07-06 00:47:44,934 - utils - INFO - Добавляем в cards ключ Cashback и его значение сумму кэшбека
2024-07-06 00:47:44,934 - utils - INFO - Проверяем есть ли номер карты в словаре cards
2024-07-06 00:47:44,934 - utils - INFO - Складываем суммы транзакций и добавляем в ключ total_spent
2024-07-06 00:47:44,934 - utils - INFO - Добавляем в cards ключ Cashback и его значение сумму кэшбека
2024-07-06 00:47:44,935 - utils - INFO - Проверяем есть ли номер карты в словаре cards
2024-07-06 00:47:44,935 - utils - INFO - Складываем суммы транзакций и добавляем в ключ total_spent
2024-07-06 00:47:44,935 - utils - INFO - Добавляем в cards ключ Cashback и его значение сумму кэшбека
2024-07-06 00:47:44,935 - utils - INFO - Проверяем есть ли номер карты в словаре cards
2024-07-06 00:47:44,935 - utils - INFO - Складываем суммы транзакций и добавляем в ключ total_spent
2024-07-06 00:47:44,935 - utils - INFO - Добавляем в cards ключ Cashback и его значение сумму кэшбека
2024-07-06 00:47:44,935 - utils - INFO - Проверяем есть ли номер карты в словаре cards
2024-07-06 00:47:44,935 - utils - INFO - Складываем суммы транзакций и добавляем в ключ total_spent
2024-07-06 00:47:44,936 - utils - INFO - Добавляем в cards ключ Cashback и его значение сумму кэшбека
2024-07-06 00:47:44,936 - utils - INFO - Проверяем есть ли номер карты в словаре cards
2024-07-06 00:47:44,936 - utils - INFO - Складываем суммы транзакций и добавляем в ключ total_spent
2024-07-06 00:47:44,936 - utils - INFO - Добавляем в cards ключ Cashback и его значение сумму кэшбека
2024-07-06 00:47:44,936 - utils - INFO - Проверяем есть ли номер карты в словаре cards
2024-07-06 00:47:44,936 - utils - INFO - Складываем суммы транзакций и добавляем в ключ total_spent
2024-07-06 00:47:44,936 - utils - INFO - Добавляем в cards ключ Cashback и его значение сумму кэшбека
2024-07-06 00:47:44,936 - utils - INFO - Проверяем есть ли номер карты в словаре cards
2024-07-06 00:47:44,936 - utils - INFO - Складываем суммы транзакций и добавляем в ключ total_spent
2024-07-06 00:47:44,936 - utils - INFO - Добавляем в cards ключ Cashback и его значение сумму кэшбека
2024-07-06 00:47:44,936 - utils - INFO - Проверяем есть ли номер карты в словаре cards
2024-07-06 00:47:44,936 - utils - INFO - Складываем суммы транзакций и добавляем в ключ total_spent
2024-07-06 00:47:44,936 - utils - INFO - Добавляем в cards ключ Cashback и его значение сумму кэшбека
2024-07-06 00:47:44,936 - utils - INFO - Проверяем есть ли номер карты в словаре cards
2024-07-06 00:47:44,936 - utils - INFO - Складываем суммы транзакций и добавляем в ключ total_spent
2024-07-06 00:47:44,936 - utils - INFO - Добавляем в cards ключ Cashback и его значение сумму кэшбека
2024-07-06 00:47:44,936 - utils - INFO - Проверяем есть ли номер карты в словаре cards
2024-07-06 00:47:44,936 - utils - INFO - Складываем суммы транзакций и добавляем в ключ total_spent
2024-07-06 00:47:44,937 - utils - INFO - Добавляем в cards ключ Cashback и его значение сумму кэшбека
2024-07-06 00:47:44,937 - utils - INFO - Проверяем есть ли номер карты в словаре cards
2024-07-06 00:47:44,937 - utils - INFO - Складываем суммы транзакций и добавляем в ключ total_spent
2024-07-06 00:47:44,937 - utils - INFO - Добавляем в cards ключ Cashback и его значение сумму кэшбека
2024-07-06 00:47:44,937 - utils - INFO - Проверяем есть ли номер карты в словаре cards
2024-07-06 00:47:44,937 - utils - INFO - Складываем суммы транзакций и добавляем в ключ total_spent
2024-07-06 00:47:44,937 - utils - INFO - Добавляем в cards ключ Cashback и его значение сумму кэшбека
2024-07-06 00:47:44,937 - utils - INFO - Проверяем есть ли номер карты в словаре cards
2024-07-06 00:47:44,937 - utils - INFO - Складываем суммы транзакций и добавляем в ключ total_spent
2024-07-06 00:47:44,937 - utils - INFO - Добавляем в cards ключ Cashback и его значение сумму кэшбека
2024-07-06 00:47:44,937 - utils - INFO - Проверяем есть ли номер карты в словаре cards
2024-07-06 00:47:44,937 - utils - INFO - Складываем суммы транзакций и добавляем в ключ total_spent
2024-07-06 00:47:44,937 - utils - INFO - Добавляем в cards ключ Cashback и его значение сумму кэшбека
2024-07-06 00:47:44,937 - utils - INFO - Проверяем есть ли номер карты в словаре cards
2024-07-06 00:47:44,937 - utils - INFO - Складываем суммы транзакций и добавляем в ключ total_spent
2024-07-06 00:47:44,937 - utils - INFO - Добавляем в cards ключ Cashback и его значение сумму кэшбека
2024-07-06 00:47:44,937 - utils - INFO - Проверяем есть ли номер карты в словаре cards
2024-07-06 00:47:44,937 - utils - INFO - Складываем суммы транзакций и добавляем в ключ total_spent
2024-07-06 00:47:44,937 - utils - INFO - Добавляем в cards ключ Cashback и его значение сумму кэшбека
2024-07-06 00:47:44,937 - utils - INFO - Проверяем есть ли номер карты в словаре cards
2024-07-06 00:47:44,937 - utils - INFO - Складываем суммы транзакций и добавляем в ключ total_spent
2024-07-06 00:47:44,937 - utils - INFO - Добавляем в cards ключ Cashback и его значение сумму кэшбека
2024-07-06 00:47:44,938 - utils - INFO - Проверяем есть ли номер карты в словаре cards
2024-07-06 00:47:44,938 - utils - INFO - Складываем суммы транзакций и добавляем в ключ total_spent
2024-07-06 00:47:44,938 - utils - INFO - Добавляем в cards ключ Cashback и его значение сумму кэшбека
2024-07-06 00:47:44,938 - utils - INFO - Проверяем есть ли номер карты в словаре cards
2024-07-06 00:47:44,938 - utils - INFO - Складываем суммы транзакций и добавляем в ключ total_spent
2024-07-06 00:47:44,938 - utils - INFO - Добавляем в cards ключ Cashback и его значение сумму кэшбека
2024-07-06 00:47:44,938 - utils - INFO - Проверяем есть ли номер карты в словаре cards
2024-07-06 00:47:44,938 - utils - INFO - Складываем суммы транзакций и добавляем в ключ total_spent
2024-07-06 00:47:44,938 - utils - INFO - Добавляем в cards ключ Cashback и его значение сумму кэшбека
2024-07-06 00:47:44,938 - utils - INFO - Проверяем есть ли номер карты в словаре cards
2024-07-06 00:47:44,938 - utils - INFO - Складываем суммы транзакций и добавляем в ключ total_spent
2024-07-06 00:47:44,938 - utils - INFO - Добавляем в cards ключ Cashback и его значение сумму кэшбека
2024-07-06 00:47:44,938 - utils - INFO - Проверяем есть ли номер карты в словаре cards
2024-07-06 00:47:44,938 - utils - INFO - Складываем суммы транзакций и добавляем в ключ total_spent
2024-07-06 00:47:44,938 - utils - INFO - Добавляем в cards ключ Cashback и его значение сумму кэшбека
2024-07-06 00:47:44,938 - utils - INFO - Проверяем есть ли номер карты в словаре cards
2024-07-06 00:47:44,938 - utils - INFO - Складываем суммы транзакций и добавляем в ключ total_spent
2024-07-06 00:47:44,938 - utils - INFO - Добавляем в cards ключ Cashback и его значение сумму кэшбека
2024-07-06 00:47:44,938 - utils - INFO - Проверяем есть ли номер карты в словаре cards
2024-07-06 00:47:44,939 - utils - INFO - Складываем суммы транзакций и добавляем в ключ total_spent
2024-07-06 00:47:44,939 - utils - INFO - Добавляем в cards ключ Cashback и его значение сумму кэшбека
2024-07-06 00:47:44,939 - utils - INFO - Проверяем есть ли номер карты в словаре cards
2024-07-06 00:47:44,939 - utils - INFO - Складываем суммы транзакций и добавляем в ключ total_spent
2024-07-06 00:47:44,939 - utils - INFO - Добавляем в cards ключ Cashback и его значение сумму кэшбека
2024-07-06 00:47:44,939 - utils - INFO - Проверяем есть ли номер карты в словаре cards
2024-07-06 00:47:44,939 - utils - INFO - Складываем суммы транзакций и добавляем в ключ total_spent
2024-07-06 00:47:44,939 - utils - INFO - Добавляем в cards ключ Cashback и его значение сумму кэшбека
2024-07-06 00:47:44,939 - utils - INFO - Проверяем есть ли номер карты в словаре cards
2024-07-06 00:47:44,939 - utils - INFO - Складываем суммы транзакций и добавляем в ключ total_spent
2024-07-06 00:47:44,939 - utils - INFO - Добавляем в cards ключ Cashback и его значение сумму кэшбека
2024-07-06 00:47:44,939 - utils - INFO - Проверяем есть ли номер карты в словаре cards
2024-07-06 00:47:44,939 - utils - INFO - Складываем суммы транзакций и добавляем в ключ total_spent
2024-07-06 00:47:44,939 - utils - INFO - Добавляем в cards ключ Cashback и его значение сумму кэшбека
2024-07-06 00:47:44,939 - utils - INFO - Проверяем есть ли номер карты в словаре cards
2024-07-06 00:47:44,939 - utils - INFO - Складываем суммы транзакций и добавляем в ключ total_spent
2024-07-06 00:47:44,939 - utils - INFO - Добавляем в cards ключ Cashback и его значение сумму кэшбека
2024-07-06 00:47:44,939 - utils - INFO - Проверяем есть ли номер карты в словаре cards
2024-07-06 00:47:44,940 - utils - INFO - Складываем суммы транзакций и добавляем в ключ total_spent
2024-07-06 00:47:44,940 - utils - INFO - Добавляем в cards ключ Cashback и его значение сумму кэшбека
2024-07-06 00:47:44,940 - utils - INFO - Проверяем есть ли номер карты в словаре cards
2024-07-06 00:47:44,940 - utils - INFO - Складываем суммы транзакций и добавляем в ключ total_spent
2024-07-06 00:47:44,940 - utils - INFO - Добавляем в cards ключ Cashback и его значение сумму кэшбека
2024-07-06 00:47:44,940 - utils - INFO - Проверяем есть ли номер карты в словаре cards
2024-07-06 00:47:44,940 - utils - INFO - Складываем суммы транзакций и добавляем в ключ total_spent
2024-07-06 00:47:44,940 - utils - INFO - Добавляем в cards ключ Cashback и его значение сумму кэшбека
2024-07-06 00:47:44,940 - utils - INFO - Проверяем есть ли номер карты в словаре cards
2024-07-06 00:47:44,940 - utils - INFO - Складываем суммы транзакций и добавляем в ключ total_spent
2024-07-06 00:47:44,940 - utils - INFO - Добавляем в cards ключ Cashback и его значение сумму кэшбека
2024-07-06 00:47:44,940 - utils - INFO - Перебираем ключи и из значения в cards
2024-07-06 00:47:44,940 - utils - INFO - Записываем в список новый словарь с установленными ключами,
            где значениями выступают ключи и значения из cards
2024-07-06 00:47:44,950 - utils - INFO - Записываем в список новый словарь с установленными ключами,
            где значениями выступают ключи и значения из cards
2024-07-06 00:47:44,950 - utils - INFO - Записываем в список новый словарь с установленными ключами,
            где значениями выступают ключи и значения из cards
2024-07-06 00:47:44,950 - utils - INFO - Записываем в список новый словарь с установленными ключами,
            где значениями выступают ключи и значения из cards
2024-07-06 00:47:44,951 - utils - INFO - Выводим результат
2024-07-06 00:47:44,951 - utils - INFO - Переводим заданную дату из типа данных str в формат datetime
2024-07-06 00:47:44,951 - utils - INFO - Устанавливаем первое число месяца в полученной дате
2024-07-06 00:47:44,951 - utils - INFO - Присваиваем переменные началу и концу временного периода
2024-07-06 00:47:44,951 - utils - INFO - Выводим отфильтрованные транзакции согласно заданному периоду
2024-07-06 00:47:45,151 - utils - INFO - Преобразовываем список словарей в DataFrame
2024-07-06 00:47:45,165 - utils - INFO - Проверяем статус операции, которая должна быть успешной
2024-07-06 00:47:45,198 - utils - INFO - Сортируем транзакции по убыванию по сумме операции с округлением
2024-07-06 00:47:45,202 - utils - INFO - Выводи первые 5 транзакций
2024-07-06 00:47:45,203 - utils - INFO - Преобразовываем в список словарей
2024-07-06 00:47:45,214 - utils - INFO - Записываем в список новый словарь с установленными ключами,
        где значениями выступают значения ключей из отфильтрованного списка словарей
2024-07-06 00:47:45,218 - utils - INFO - Выводим результат
2024-07-06 00:47:45,218 - utils - INFO - Перебираем валюты из заданного списка словарей валют
2024-07-06 00:47:45,218 - utils - INFO - Делаем запрос на сервис API для получения курса валют
2024-07-06 00:47:46,447 - utils - INFO - Получаем JSON данные
2024-07-06 00:47:46,447 - utils - INFO - Полученные данные преобразовываем в заданный словарь
